# JRE version: OpenJDK Runtime Environment (17.0.19+10) (build 17.0.19+10-1-24.04.2-Ubuntu)
# Java VM: OpenJDK 64-Bit Server VM (17.0.19+10-1-24.04.2-Ubuntu, mixed mode, sharing, tiered, compressed oops, compressed class ptrs, g1 gc, linux-amd64)
GC Precious Log:
 CPUs: 12 total, 12 available
 Memory: 15178M
 Large Page Support: Disabled
 NUMA Support: Disabled
 Compressed Oops: Enabled (Zero based)
 Heap Region Size: 2M
 Heap Min Capacity: 8M
 Heap Initial Capacity: 238M
 Heap Max Capacity: 4G
 Pre-touch: Disabled
 Parallel Workers: 10
 Concurrent Workers: 3
 Concurrent Refinement Workers: 10
 Periodic GC: Disabled
Heap:
 garbage-first heap   total 235520K, used 157396K [0x0000000700000000, 0x0000000800000000)
  region size 2048K, 16 young (32768K), 5 survivors (10240K)
 Metaspace       used 147846K, committed 149120K, reserved 1179648K
  class space    used 19682K, committed 20288K, reserved 1048576K
GC Heap History (20 events):
Event: 0.789 GC heap before
{Heap before GC invocations=2 (full 0):
 garbage-first heap   total 247808K, used 76581K [0x0000000700000000, 0x0000000800000000)
  region size 2048K, 16 young (32768K), 2 survivors (4096K)
 Metaspace       used 17445K, committed 17664K, reserved 1114112K
  class space    used 2463K, committed 2560K, reserved 1048576K
}
Event: 0.792 GC heap after
{Heap after GC invocations=3 (full 0):
 garbage-first heap   total 247808K, used 50699K [0x0000000700000000, 0x0000000800000000)
  region size 2048K, 2 young (4096K), 2 survivors (4096K)
 Metaspace       used 17445K, committed 17664K, reserved 1114112K
  class space    used 2463K, committed 2560K, reserved 1048576K
}
Event: 0.969 GC heap before
{Heap before GC invocations=3 (full 0):
 garbage-first heap   total 247808K, used 62987K [0x0000000700000000, 0x0000000800000000)
  region size 2048K, 9 young (18432K), 2 survivors (4096K)
 Metaspace       used 21286K, committed 21504K, reserved 1114112K
  class space    used 2947K, committed 3072K, reserved 1048576K
}
Event: 0.971 GC heap after
{Heap after GC invocations=4 (full 0):
 garbage-first heap   total 247808K, used 51534K [0x0000000700000000, 0x0000000800000000)
  region size 2048K, 2 young (4096K), 2 survivors (4096K)
 Metaspace       used 21286K, committed 21504K, reserved 1114112K
  class space    used 2947K, committed 3072K, reserved 1048576K
}
Event: 1.520 GC heap before
{Heap before GC invocations=5 (full 0):
 garbage-first heap   total 192512K, used 121166K [0x0000000700000000, 0x0000000800000000)
  region size 2048K, 37 young (75776K), 2 survivors (4096K)
 Metaspace       used 35674K, committed 35968K, reserved 1114112K
  class space    used 4840K, committed 4992K, reserved 1048576K
}
Event: 1.524 GC heap after
{Heap after GC invocations=6 (full 0):
 garbage-first heap   total 192512K, used 55601K [0x0000000700000000, 0x0000000800000000)
  region size 2048K, 4 young (8192K), 4 survivors (8192K)
 Metaspace       used 35674K, committed 35968K, reserved 1114112K
  class space    used 4840K, committed 4992K, reserved 1048576K
}
Event: 6.846 GC heap before
{Heap before GC invocations=7 (full 0):
 garbage-first heap   total 192512K, used 135473K [0x0000000700000000, 0x0000000800000000)
  region size 2048K, 44 young (90112K), 4 survivors (8192K)
 Metaspace       used 53258K, committed 53632K, reserved 1114112K
  class space    used 6815K, committed 6976K, reserved 1048576K
}
Event: 6.851 GC heap after
{Heap after GC invocations=8 (full 0):
 garbage-first heap   total 192512K, used 61275K [0x0000000700000000, 0x0000000800000000)
  region size 2048K, 6 young (12288K), 6 survivors (12288K)
 Metaspace       used 53258K, committed 53632K, reserved 1114112K
  class space    used 6815K, committed 6976K, reserved 1048576K
}
Event: 7.068 GC heap before
{Heap before GC invocations=8 (full 0):
 garbage-first heap   total 192512K, used 83803K [0x0000000700000000, 0x0000000800000000)
  region size 2048K, 19 young (38912K), 6 survivors (12288K)
 Metaspace       used 59830K, committed 60160K, reserved 1114112K
  class space    used 7805K, committed 7936K, reserved 1048576K
}
Event: 7.072 GC heap after
{Heap after GC invocations=9 (full 0):
 garbage-first heap   total 192512K, used 63539K [0x0000000700000000, 0x0000000800000000)
  region size 2048K, 5 young (10240K), 5 survivors (10240K)
 Metaspace       used 59830K, committed 60160K, reserved 1114112K
  class space    used 7805K, committed 7936K, reserved 1048576K
}
Event: 7.832 GC heap before
{Heap before GC invocations=10 (full 0):
 garbage-first heap   total 192512K, used 141363K [0x0000000700000000, 0x0000000800000000)
  region size 2048K, 43 young (88064K), 5 survivors (10240K)
 Metaspace       used 79671K, committed 80064K, reserved 1179648K
  class space    used 10389K, committed 10560K, reserved 1048576K
}
Event: 7.837 GC heap after
{Heap after GC invocations=11 (full 0):
 garbage-first heap   total 235520K, used 69721K [0x0000000700000000, 0x0000000800000000)
  region size 2048K, 5 young (10240K), 5 survivors (10240K)
 Metaspace       used 79671K, committed 80064K, reserved 1179648K
  class space    used 10389K, committed 10560K, reserved 1048576K
}
Event: 8.578 GC heap before
{Heap before GC invocations=11 (full 0):
 garbage-first heap   total 235520K, used 153689K [0x0000000700000000, 0x0000000800000000)
  region size 2048K, 47 young (96256K), 5 survivors (10240K)
 Metaspace       used 100032K, committed 100480K, reserved 1179648K
  class space    used 13028K, committed 13248K, reserved 1048576K
}
Event: 8.583 GC heap after
{Heap after GC invocations=12 (full 0):
 garbage-first heap   total 235520K, used 74011K [0x0000000700000000, 0x0000000800000000)
  region size 2048K, 7 young (14336K), 7 survivors (14336K)
 Metaspace       used 100032K, committed 100480K, reserved 1179648K
  class space    used 13028K, committed 13248K, reserved 1048576K
}
Event: 9.402 GC heap before
{Heap before GC invocations=13 (full 0):
 garbage-first heap   total 235520K, used 196891K [0x0000000700000000, 0x0000000800000000)
  region size 2048K, 58 young (118784K), 7 survivors (14336K)
 Metaspace       used 118207K, committed 119296K, reserved 1179648K
  class space    used 15836K, committed 16320K, reserved 1048576K
}
Event: 9.408 GC heap after
{Heap after GC invocations=14 (full 0):
 garbage-first heap   total 235520K, used 80581K [0x0000000700000000, 0x0000000800000000)
  region size 2048K, 6 young (12288K), 6 survivors (12288K)
 Metaspace       used 118207K, committed 119296K, reserved 1179648K
  class space    used 15836K, committed 16320K, reserved 1048576K
}
Event: 10.037 GC heap before
{Heap before GC invocations=14 (full 0):
 garbage-first heap   total 235520K, used 187077K [0x0000000700000000, 0x0000000800000000)
  region size 2048K, 55 young (112640K), 6 survivors (12288K)
 Metaspace       used 139094K, committed 140160K, reserved 1179648K
  class space    used 18400K, committed 18880K, reserved 1048576K
}
Event: 10.042 GC heap after
{Heap after GC invocations=15 (full 0):
 garbage-first heap   total 235520K, used 84034K [0x0000000700000000, 0x0000000800000000)
  region size 2048K, 6 young (12288K), 6 survivors (12288K)
 Metaspace       used 139094K, committed 140160K, reserved 1179648K
  class space    used 18400K, committed 18880K, reserved 1048576K
}
Event: 10.688 GC heap before
{Heap before GC invocations=15 (full 0):
 garbage-first heap   total 235520K, used 184386K [0x0000000700000000, 0x0000000800000000)
  region size 2048K, 43 young (88064K), 6 survivors (12288K)
 Metaspace       used 147537K, committed 148800K, reserved 1179648K
  class space    used 19648K, committed 20224K, reserved 1048576K
}
Event: 10.696 GC heap after
{Heap after GC invocations=16 (full 0):
 garbage-first heap   total 235520K, used 98004K [0x0000000700000000, 0x0000000800000000)
  region size 2048K, 5 young (10240K), 5 survivors (10240K)
 Metaspace       used 147537K, committed 148800K, reserved 1179648K
  class space    used 19648K, committed 20224K, reserved 1048576K
}

