# JRE version: OpenJDK Runtime Environment (11.0.31+11) (build 11.0.31+11-post-1ubuntu1-24.04.2-Ubuntu)
# Java VM: OpenJDK 64-Bit Server VM (11.0.31+11-post-1ubuntu1-24.04.2-Ubuntu, mixed mode, sharing, tiered, compressed oops, serial gc, linux-amd64)
Heap:
 def new generation   total 73152K, used 66304K [0x0000000080000000, 0x0000000084f60000, 0x00000000aaaa0000)
  eden space 65024K, 100% used [0x0000000080000000, 0x0000000083f80000, 0x0000000083f80000)
  from space 8128K,  15% used [0x0000000083f80000, 0x00000000840c0270, 0x0000000084770000)
  to   space 8128K,   0% used [0x0000000084770000, 0x0000000084770000, 0x0000000084f60000)
 tenured generation   total 162496K, used 81602K [0x00000000aaaa0000, 0x00000000b4950000, 0x0000000100000000)
   the space 162496K,  50% used [0x00000000aaaa0000, 0x00000000afa50960, 0x00000000afa50a00, 0x00000000b4950000)
 Metaspace       used 145316K, capacity 152027K, committed 152320K, reserved 1177600K
  class space    used 20164K, capacity 23461K, committed 23552K, reserved 1048576K
GC Heap History (20 events):
Event: 15.837 GC heap before
{Heap before GC invocations=14 (full 4):
 def new generation   total 73152K, used 65024K [0x0000000080000000, 0x0000000084f60000, 0x00000000aaaa0000)
  eden space 65024K, 100% used [0x0000000080000000, 0x0000000083f80000, 0x0000000083f80000)
  from space 8128K,   0% used [0x0000000083f80000, 0x0000000083f80000, 0x0000000084770000)
  to   space 8128K,   0% used [0x0000000084770000, 0x0000000084770000, 0x0000000084f60000)
 tenured generation   total 162496K, used 63876K [0x00000000aaaa0000, 0x00000000b4950000, 0x0000000100000000)
   the space 162496K,  39% used [0x00000000aaaa0000, 0x00000000ae9012c8, 0x00000000ae901400, 0x00000000b4950000)
 Metaspace       used 103047K, capacity 106416K, committed 106624K, reserved 1140736K
  class space    used 13983K, capacity 15701K, committed 15744K, reserved 1048576K
}
Event: 15.840 GC heap after
{Heap after GC invocations=15 (full 4):
 def new generation   total 73152K, used 1411K [0x0000000080000000, 0x0000000084f60000, 0x00000000aaaa0000)
  eden space 65024K,   0% used [0x0000000080000000, 0x0000000080000000, 0x0000000083f80000)
  from space 8128K,  17% used [0x0000000084770000, 0x00000000848d0c18, 0x0000000084f60000)
  to   space 8128K,   0% used [0x0000000083f80000, 0x0000000083f80000, 0x0000000084770000)
 tenured generation   total 162496K, used 63876K [0x00000000aaaa0000, 0x00000000b4950000, 0x0000000100000000)
   the space 162496K,  39% used [0x00000000aaaa0000, 0x00000000ae9012c8, 0x00000000ae901400, 0x00000000b4950000)
 Metaspace       used 103047K, capacity 106416K, committed 106624K, reserved 1140736K
  class space    used 13983K, capacity 15701K, committed 15744K, reserved 1048576K
}
Event: 16.286 GC heap before
{Heap before GC invocations=15 (full 4):
 def new generation   total 73152K, used 66435K [0x0000000080000000, 0x0000000084f60000, 0x00000000aaaa0000)
  eden space 65024K, 100% used [0x0000000080000000, 0x0000000083f80000, 0x0000000083f80000)
  from space 8128K,  17% used [0x0000000084770000, 0x00000000848d0c18, 0x0000000084f60000)
  to   space 8128K,   0% used [0x0000000083f80000, 0x0000000083f80000, 0x0000000084770000)
 tenured generation   total 162496K, used 63876K [0x00000000aaaa0000, 0x00000000b4950000, 0x0000000100000000)
   the space 162496K,  39% used [0x00000000aaaa0000, 0x00000000ae9012c8, 0x00000000ae901400, 0x00000000b4950000)
 Metaspace       used 114136K, capacity 118361K, committed 118656K, reserved 1148928K
  class space    used 16035K, capacity 18260K, committed 18304K, reserved 1048576K
}
Event: 16.291 GC heap after
{Heap after GC invocations=16 (full 4):
 def new generation   total 73152K, used 3145K [0x0000000080000000, 0x0000000084f60000, 0x00000000aaaa0000)
  eden space 65024K,   0% used [0x0000000080000000, 0x0000000080000000, 0x0000000083f80000)
  from space 8128K,  38% used [0x0000000083f80000, 0x0000000084292488, 0x0000000084770000)
  to   space 8128K,   0% used [0x0000000084770000, 0x0000000084770000, 0x0000000084f60000)
 tenured generation   total 162496K, used 63876K [0x00000000aaaa0000, 0x00000000b4950000, 0x0000000100000000)
   the space 162496K,  39% used [0x00000000aaaa0000, 0x00000000ae9012c8, 0x00000000ae901400, 0x00000000b4950000)
 Metaspace       used 114136K, capacity 118361K, committed 118656K, reserved 1148928K
  class space    used 16035K, capacity 18260K, committed 18304K, reserved 1048576K
}
Event: 16.704 GC heap before
{Heap before GC invocations=16 (full 4):
 def new generation   total 73152K, used 67195K [0x0000000080000000, 0x0000000084f60000, 0x00000000aaaa0000)
  eden space 65024K,  98% used [0x0000000080000000, 0x0000000083e8ca10, 0x0000000083f80000)
  from space 8128K,  38% used [0x0000000083f80000, 0x0000000084292488, 0x0000000084770000)
  to   space 8128K,   0% used [0x0000000084770000, 0x0000000084770000, 0x0000000084f60000)
 tenured generation   total 162496K, used 63876K [0x00000000aaaa0000, 0x00000000b4950000, 0x0000000100000000)
   the space 162496K,  39% used [0x00000000aaaa0000, 0x00000000ae9012c8, 0x00000000ae901400, 0x00000000b4950000)
 Metaspace       used 123222K, capacity 128724K, committed 129024K, reserved 1157120K
  class space    used 17603K, capacity 20403K, committed 20480K, reserved 1048576K
}
Event: 16.715 GC heap after
{Heap after GC invocations=17 (full 4):
 def new generation   total 73152K, used 6059K [0x0000000080000000, 0x0000000084f60000, 0x00000000aaaa0000)
  eden space 65024K,   0% used [0x0000000080000000, 0x0000000080000000, 0x0000000083f80000)
  from space 8128K,  74% used [0x0000000084770000, 0x0000000084d5af18, 0x0000000084f60000)
  to   space 8128K,   0% used [0x0000000083f80000, 0x0000000083f80000, 0x0000000084770000)
 tenured generation   total 162496K, used 63876K [0x00000000aaaa0000, 0x00000000b4950000, 0x0000000100000000)
   the space 162496K,  39% used [0x00000000aaaa0000, 0x00000000ae9012c8, 0x00000000ae901400, 0x00000000b4950000)
 Metaspace       used 123222K, capacity 128724K, committed 129024K, reserved 1157120K
  class space    used 17603K, capacity 20403K, committed 20480K, reserved 1048576K
}
Event: 17.022 GC heap before
{Heap before GC invocations=17 (full 4):
 def new generation   total 73152K, used 71083K [0x0000000080000000, 0x0000000084f60000, 0x00000000aaaa0000)
  eden space 65024K, 100% used [0x0000000080000000, 0x0000000083f80000, 0x0000000083f80000)
  from space 8128K,  74% used [0x0000000084770000, 0x0000000084d5af18, 0x0000000084f60000)
  to   space 8128K,   0% used [0x0000000083f80000, 0x0000000083f80000, 0x0000000084770000)
 tenured generation   total 162496K, used 63876K [0x00000000aaaa0000, 0x00000000b4950000, 0x0000000100000000)
   the space 162496K,  39% used [0x00000000aaaa0000, 0x00000000ae9012c8, 0x00000000ae901400, 0x00000000b4950000)
 Metaspace       used 125380K, capacity 131159K, committed 131328K, reserved 1159168K
  class space    used 17930K, capacity 20889K, committed 20992K, reserved 1048576K
}
Event: 17.034 GC heap after
{Heap after GC invocations=18 (full 4):
 def new generation   total 73152K, used 4174K [0x0000000080000000, 0x0000000084f60000, 0x00000000aaaa0000)
  eden space 65024K,   0% used [0x0000000080000000, 0x0000000080000000, 0x0000000083f80000)
  from space 8128K,  51% used [0x0000000083f80000, 0x0000000084393868, 0x0000000084770000)
  to   space 8128K,   0% used [0x0000000084770000, 0x0000000084770000, 0x0000000084f60000)
 tenured generation   total 162496K, used 66741K [0x00000000aaaa0000, 0x00000000b4950000, 0x0000000100000000)
   the space 162496K,  41% used [0x00000000aaaa0000, 0x00000000aebcd700, 0x00000000aebcd800, 0x00000000b4950000)
 Metaspace       used 125380K, capacity 131159K, committed 131328K, reserved 1159168K
  class space    used 17930K, capacity 20889K, committed 20992K, reserved 1048576K
}
Event: 17.322 GC heap before
{Heap before GC invocations=18 (full 4):
 def new generation   total 73152K, used 68566K [0x0000000080000000, 0x0000000084f60000, 0x00000000aaaa0000)
  eden space 65024K,  99% used [0x0000000080000000, 0x0000000083ee2248, 0x0000000083f80000)
  from space 8128K,  51% used [0x0000000083f80000, 0x0000000084393868, 0x0000000084770000)
  to   space 8128K,   0% used [0x0000000084770000, 0x0000000084770000, 0x0000000084f60000)
 tenured generation   total 162496K, used 66741K [0x00000000aaaa0000, 0x00000000b4950000, 0x0000000100000000)
   the space 162496K,  41% used [0x00000000aaaa0000, 0x00000000aebcd700, 0x00000000aebcd800, 0x00000000b4950000)
 Metaspace       used 126254K, capacity 132111K, committed 132352K, reserved 1161216K
  class space    used 17958K, capacity 20930K, committed 20992K, reserved 1048576K
}
Event: 17.329 GC heap after
{Heap after GC invocations=19 (full 4):
 def new generation   total 73152K, used 1828K [0x0000000080000000, 0x0000000084f60000, 0x00000000aaaa0000)
  eden space 65024K,   0% used [0x0000000080000000, 0x0000000080000000, 0x0000000083f80000)
  from space 8128K,  22% used [0x0000000084770000, 0x0000000084939138, 0x0000000084f60000)
  to   space 8128K,   0% used [0x0000000083f80000, 0x0000000083f80000, 0x0000000084770000)
 tenured generation   total 162496K, used 69607K [0x00000000aaaa0000, 0x00000000b4950000, 0x0000000100000000)
   the space 162496K,  42% used [0x00000000aaaa0000, 0x00000000aee99df0, 0x00000000aee99e00, 0x00000000b4950000)
 Metaspace       used 126254K, capacity 132111K, committed 132352K, reserved 1161216K
  class space    used 17958K, capacity 20930K, committed 20992K, reserved 1048576K
}
Event: 17.588 GC heap before
{Heap before GC invocations=19 (full 4):
 def new generation   total 73152K, used 66826K [0x0000000080000000, 0x0000000084f60000, 0x00000000aaaa0000)
  eden space 65024K,  99% used [0x0000000080000000, 0x0000000083f79848, 0x0000000083f80000)
  from space 8128K,  22% used [0x0000000084770000, 0x0000000084939138, 0x0000000084f60000)
  to   space 8128K,   0% used [0x0000000083f80000, 0x0000000083f80000, 0x0000000084770000)
 tenured generation   total 162496K, used 69607K [0x00000000aaaa0000, 0x00000000b4950000, 0x0000000100000000)
   the space 162496K,  42% used [0x00000000aaaa0000, 0x00000000aee99df0, 0x00000000aee99e00, 0x00000000b4950000)
 Metaspace       used 126982K, capacity 132891K, committed 133120K, reserved 1161216K
  class space    used 17983K, capacity 20990K, committed 20992K, reserved 1048576K
}
Event: 17.594 GC heap after
{Heap after GC invocations=20 (full 4):
 def new generation   total 73152K, used 2394K [0x0000000080000000, 0x0000000084f60000, 0x00000000aaaa0000)
  eden space 65024K,   0% used [0x0000000080000000, 0x0000000080000000, 0x0000000083f80000)
  from space 8128K,  29% used [0x0000000083f80000, 0x00000000841d6ad8, 0x0000000084770000)
  to   space 8128K,   0% used [0x0000000084770000, 0x0000000084770000, 0x0000000084f60000)
 tenured generation   total 162496K, used 69607K [0x00000000aaaa0000, 0x00000000b4950000, 0x0000000100000000)
   the space 162496K,  42% used [0x00000000aaaa0000, 0x00000000aee99df0, 0x00000000aee99e00, 0x00000000b4950000)
 Metaspace       used 126982K, capacity 132891K, committed 133120K, reserved 1161216K
  class space    used 17983K, capacity 20990K, committed 20992K, reserved 1048576K
}
Event: 23.739 GC heap before
{Heap before GC invocations=20 (full 4):
 def new generation   total 73152K, used 67418K [0x0000000080000000, 0x0000000084f60000, 0x00000000aaaa0000)
  eden space 65024K, 100% used [0x0000000080000000, 0x0000000083f80000, 0x0000000083f80000)
  from space 8128K,  29% used [0x0000000083f80000, 0x00000000841d6ad8, 0x0000000084770000)
  to   space 8128K,   0% used [0x0000000084770000, 0x0000000084770000, 0x0000000084f60000)
 tenured generation   total 162496K, used 69607K [0x00000000aaaa0000, 0x00000000b4950000, 0x0000000100000000)
   the space 162496K,  42% used [0x00000000aaaa0000, 0x00000000aee99df0, 0x00000000aee99e00, 0x00000000b4950000)
 Metaspace       used 128348K, capacity 134345K, committed 134656K, reserved 1163264K
  class space    used 18097K, capacity 21125K, committed 21248K, reserved 1048576K
}
Event: 23.745 GC heap after
{Heap after GC invocations=21 (full 4):
 def new generation   total 73152K, used 3500K [0x0000000080000000, 0x0000000084f60000, 0x00000000aaaa0000)
  eden space 65024K,   0% used [0x0000000080000000, 0x0000000080000000, 0x0000000083f80000)
  from space 8128K,  43% used [0x0000000084770000, 0x0000000084adb3a0, 0x0000000084f60000)
  to   space 8128K,   0% used [0x0000000083f80000, 0x0000000083f80000, 0x0000000084770000)
 tenured generation   total 162496K, used 69607K [0x00000000aaaa0000, 0x00000000b4950000, 0x0000000100000000)
   the space 162496K,  42% used [0x00000000aaaa0000, 0x00000000aee99df0, 0x00000000aee99e00, 0x00000000b4950000)
 Metaspace       used 128348K, capacity 134345K, committed 134656K, reserved 1163264K
  class space    used 18097K, capacity 21125K, committed 21248K, reserved 1048576K
}
Event: 24.090 GC heap before
{Heap before GC invocations=21 (full 4):
 def new generation   total 73152K, used 68524K [0x0000000080000000, 0x0000000084f60000, 0x00000000aaaa0000)
  eden space 65024K, 100% used [0x0000000080000000, 0x0000000083f80000, 0x0000000083f80000)
  from space 8128K,  43% used [0x0000000084770000, 0x0000000084adb3a0, 0x0000000084f60000)
  to   space 8128K,   0% used [0x0000000083f80000, 0x0000000083f80000, 0x0000000084770000)
 tenured generation   total 162496K, used 69607K [0x00000000aaaa0000, 0x00000000b4950000, 0x0000000100000000)
   the space 162496K,  42% used [0x00000000aaaa0000, 0x00000000aee99df0, 0x00000000aee99e00, 0x00000000b4950000)
 Metaspace       used 132762K, capacity 139332K, committed 139648K, reserved 1167360K
  class space    used 18806K, capacity 22075K, committed 22144K, reserved 1048576K
}
Event: 24.100 GC heap after
{Heap after GC invocations=22 (full 4):
 def new generation   total 73152K, used 6297K [0x0000000080000000, 0x0000000084f60000, 0x00000000aaaa0000)
  eden space 65024K,   0% used [0x0000000080000000, 0x0000000080000000, 0x0000000083f80000)
  from space 8128K,  77% used [0x0000000083f80000, 0x00000000845a65d8, 0x0000000084770000)
  to   space 8128K,   0% used [0x0000000084770000, 0x0000000084770000, 0x0000000084f60000)
 tenured generation   total 162496K, used 69607K [0x00000000aaaa0000, 0x00000000b4950000, 0x0000000100000000)
   the space 162496K,  42% used [0x00000000aaaa0000, 0x00000000aee99df0, 0x00000000aee99e00, 0x00000000b4950000)
 Metaspace       used 132762K, capacity 139332K, committed 139648K, reserved 1167360K
  class space    used 18806K, capacity 22075K, committed 22144K, reserved 1048576K
}
Event: 24.328 GC heap before
{Heap before GC invocations=22 (full 4):
 def new generation   total 73152K, used 71321K [0x0000000080000000, 0x0000000084f60000, 0x00000000aaaa0000)
  eden space 65024K, 100% used [0x0000000080000000, 0x0000000083f80000, 0x0000000083f80000)
  from space 8128K,  77% used [0x0000000083f80000, 0x00000000845a65d8, 0x0000000084770000)
  to   space 8128K,   0% used [0x0000000084770000, 0x0000000084770000, 0x0000000084f60000)
 tenured generation   total 162496K, used 69607K [0x00000000aaaa0000, 0x00000000b4950000, 0x0000000100000000)
   the space 162496K,  42% used [0x00000000aaaa0000, 0x00000000aee99df0, 0x00000000aee99e00, 0x00000000b4950000)
 Metaspace       used 136347K, capacity 143027K, committed 143104K, reserved 1169408K
  class space    used 19206K, capacity 22503K, committed 22528K, reserved 1048576K
}
Event: 24.338 GC heap after
{Heap after GC invocations=23 (full 4):
 def new generation   total 73152K, used 8128K [0x0000000080000000, 0x0000000084f60000, 0x00000000aaaa0000)
  eden space 65024K,   0% used [0x0000000080000000, 0x0000000080000000, 0x0000000083f80000)
  from space 8128K, 100% used [0x0000000084770000, 0x0000000084f60000, 0x0000000084f60000)
  to   space 8128K,   0% used [0x0000000083f80000, 0x0000000083f80000, 0x0000000084770000)
 tenured generation   total 162496K, used 73485K [0x00000000aaaa0000, 0x00000000b4950000, 0x0000000100000000)
   the space 162496K,  45% used [0x00000000aaaa0000, 0x00000000af2636e0, 0x00000000af263800, 0x00000000b4950000)
 Metaspace       used 136347K, capacity 143027K, committed 143104K, reserved 1169408K
  class space    used 19206K, capacity 22503K, committed 22528K, reserved 1048576K
}
Event: 24.527 GC heap before
{Heap before GC invocations=23 (full 4):
 def new generation   total 73152K, used 73152K [0x0000000080000000, 0x0000000084f60000, 0x00000000aaaa0000)
  eden space 65024K, 100% used [0x0000000080000000, 0x0000000083f80000, 0x0000000083f80000)
  from space 8128K, 100% used [0x0000000084770000, 0x0000000084f60000, 0x0000000084f60000)
  to   space 8128K,   0% used [0x0000000083f80000, 0x0000000083f80000, 0x0000000084770000)
 tenured generation   total 162496K, used 73485K [0x00000000aaaa0000, 0x00000000b4950000, 0x0000000100000000)
   the space 162496K,  45% used [0x00000000aaaa0000, 0x00000000af2636e0, 0x00000000af263800, 0x00000000b4950000)
 Metaspace       used 141056K, capacity 147764K, committed 148096K, reserved 1173504K
  class space    used 19754K, capacity 23058K, committed 23168K, reserved 1048576K
}
Event: 24.535 GC heap after
{Heap after GC invocations=24 (full 4):
 def new generation   total 73152K, used 1280K [0x0000000080000000, 0x0000000084f60000, 0x00000000aaaa0000)
  eden space 65024K,   0% used [0x0000000080000000, 0x0000000080000000, 0x0000000083f80000)
  from space 8128K,  15% used [0x0000000083f80000, 0x00000000840c0270, 0x0000000084770000)
  to   space 8128K,   0% used [0x0000000084770000, 0x0000000084770000, 0x0000000084f60000)
 tenured generation   total 162496K, used 81602K [0x00000000aaaa0000, 0x00000000b4950000, 0x0000000100000000)
   the space 162496K,  50% used [0x00000000aaaa0000, 0x00000000afa50960, 0x00000000afa50a00, 0x00000000b4950000)
 Metaspace       used 141056K, capacity 147764K, committed 148096K, reserved 1173504K
  class space    used 19754K, capacity 23058K, committed 23168K, reserved 1048576K
}

