# JRE version: OpenJDK Runtime Environment (17.0.19+10) (build 17.0.19+10-1-24.04.2-Ubuntu)
# Java VM: OpenJDK 64-Bit Server VM (17.0.19+10-1-24.04.2-Ubuntu, mixed mode, sharing, tiered, compressed oops, compressed class ptrs, g1 gc, linux-amd64)
GC Precious Log:
 CPUs: 12 total, 12 available
 Memory: 15178M
 Large Page Support: Disabled
 NUMA Support: Disabled
 Compressed Oops: Enabled (Zero based)
 Heap Region Size: 2M
 Heap Min Capacity: 8M
 Heap Initial Capacity: 238M
 Heap Max Capacity: 4G
 Pre-touch: Disabled
 Parallel Workers: 10
 Concurrent Workers: 3
 Concurrent Refinement Workers: 10
 Periodic GC: Disabled
Heap:
 garbage-first heap   total 256000K, used 157603K [0x0000000700000000, 0x0000000800000000)
  region size 2048K, 15 young (30720K), 4 survivors (8192K)
 Metaspace       used 147269K, committed 148736K, reserved 1179648K
  class space    used 19593K, committed 20224K, reserved 1048576K
GC Heap History (20 events):
Event: 0.774 GC heap before
{Heap before GC invocations=3 (full 0):
 garbage-first heap   total 247808K, used 62974K [0x0000000700000000, 0x0000000800000000)
  region size 2048K, 8 young (16384K), 1 survivors (2048K)
 Metaspace       used 21243K, committed 21504K, reserved 1114112K
  class space    used 2947K, committed 3072K, reserved 1048576K
}
Event: 0.776 GC heap after
{Heap after GC invocations=4 (full 0):
 garbage-first heap   total 247808K, used 51612K [0x0000000700000000, 0x0000000800000000)
  region size 2048K, 2 young (4096K), 2 survivors (4096K)
 Metaspace       used 21243K, committed 21504K, reserved 1114112K
  class space    used 2947K, committed 3072K, reserved 1048576K
}
Event: 1.207 GC heap before
{Heap before GC invocations=5 (full 0):
 garbage-first heap   total 192512K, used 125340K [0x0000000700000000, 0x0000000800000000)
  region size 2048K, 39 young (79872K), 2 survivors (4096K)
 Metaspace       used 35864K, committed 36160K, reserved 1114112K
  class space    used 4852K, committed 4992K, reserved 1048576K
}
Event: 1.210 GC heap after
{Heap after GC invocations=6 (full 0):
 garbage-first heap   total 192512K, used 55541K [0x0000000700000000, 0x0000000800000000)
  region size 2048K, 4 young (8192K), 4 survivors (8192K)
 Metaspace       used 35864K, committed 36160K, reserved 1114112K
  class space    used 4852K, committed 4992K, reserved 1048576K
}
Event: 8.487 GC heap before
{Heap before GC invocations=7 (full 0):
 garbage-first heap   total 192512K, used 135413K [0x0000000700000000, 0x0000000800000000)
  region size 2048K, 44 young (90112K), 4 survivors (8192K)
 Metaspace       used 53326K, committed 53696K, reserved 1114112K
  class space    used 6828K, committed 6976K, reserved 1048576K
}
Event: 8.492 GC heap after
{Heap after GC invocations=8 (full 0):
 garbage-first heap   total 231424K, used 61339K [0x0000000700000000, 0x0000000800000000)
  region size 2048K, 6 young (12288K), 6 survivors (12288K)
 Metaspace       used 53326K, committed 53696K, reserved 1114112K
  class space    used 6828K, committed 6976K, reserved 1048576K
}
Event: 8.710 GC heap before
{Heap before GC invocations=8 (full 0):
 garbage-first heap   total 231424K, used 85915K [0x0000000700000000, 0x0000000800000000)
  region size 2048K, 20 young (40960K), 6 survivors (12288K)
 Metaspace       used 60159K, committed 60480K, reserved 1114112K
  class space    used 7842K, committed 8000K, reserved 1048576K
}
Event: 8.714 GC heap after
{Heap after GC invocations=9 (full 0):
 garbage-first heap   total 231424K, used 63719K [0x0000000700000000, 0x0000000800000000)
  region size 2048K, 5 young (10240K), 5 survivors (10240K)
 Metaspace       used 60159K, committed 60480K, reserved 1114112K
  class space    used 7842K, committed 8000K, reserved 1048576K
}
Event: 9.563 GC heap before
{Heap before GC invocations=10 (full 0):
 garbage-first heap   total 231424K, used 174311K [0x0000000700000000, 0x0000000800000000)
  region size 2048K, 59 young (120832K), 5 survivors (10240K)
 Metaspace       used 86912K, committed 87360K, reserved 1179648K
  class space    used 11239K, committed 11456K, reserved 1048576K
}
Event: 9.568 GC heap after
{Heap after GC invocations=11 (full 0):
 garbage-first heap   total 231424K, used 71229K [0x0000000700000000, 0x0000000800000000)
  region size 2048K, 8 young (16384K), 8 survivors (16384K)
 Metaspace       used 86912K, committed 87360K, reserved 1179648K
  class space    used 11239K, committed 11456K, reserved 1048576K
}
Event: 10.034 GC heap before
{Heap before GC invocations=11 (full 0):
 garbage-first heap   total 231424K, used 126525K [0x0000000700000000, 0x0000000800000000)
  region size 2048K, 36 young (73728K), 8 survivors (16384K)
 Metaspace       used 100592K, committed 101056K, reserved 1179648K
  class space    used 13109K, committed 13312K, reserved 1048576K
}
Event: 10.040 GC heap after
{Heap after GC invocations=12 (full 0):
 garbage-first heap   total 231424K, used 74419K [0x0000000700000000, 0x0000000800000000)
  region size 2048K, 2 young (4096K), 2 survivors (4096K)
 Metaspace       used 100592K, committed 101056K, reserved 1179648K
  class space    used 13109K, committed 13312K, reserved 1048576K
}
Event: 10.736 GC heap before
{Heap before GC invocations=13 (full 0):
 garbage-first heap   total 231424K, used 193203K [0x0000000700000000, 0x0000000800000000)
  region size 2048K, 52 young (106496K), 2 survivors (4096K)
 Metaspace       used 118543K, committed 119552K, reserved 1179648K
  class space    used 15872K, committed 16320K, reserved 1048576K
}
Event: 10.741 GC heap after
{Heap after GC invocations=14 (full 0):
 garbage-first heap   total 231424K, used 79738K [0x0000000700000000, 0x0000000800000000)
  region size 2048K, 5 young (10240K), 5 survivors (10240K)
 Metaspace       used 118543K, committed 119552K, reserved 1179648K
  class space    used 15872K, committed 16320K, reserved 1048576K
}
Event: 11.292 GC heap before
{Heap before GC invocations=14 (full 0):
 garbage-first heap   total 231424K, used 184186K [0x0000000700000000, 0x0000000800000000)
  region size 2048K, 53 young (108544K), 5 survivors (10240K)
 Metaspace       used 138889K, committed 139968K, reserved 1179648K
  class space    used 18338K, committed 18816K, reserved 1048576K
}
Event: 11.297 GC heap after
{Heap after GC invocations=15 (full 0):
 garbage-first heap   total 231424K, used 83152K [0x0000000700000000, 0x0000000800000000)
  region size 2048K, 5 young (10240K), 5 survivors (10240K)
 Metaspace       used 138889K, committed 139968K, reserved 1179648K
  class space    used 18338K, committed 18816K, reserved 1048576K
}
Event: 11.883 GC heap before
{Heap before GC invocations=15 (full 0):
 garbage-first heap   total 231424K, used 183504K [0x0000000700000000, 0x0000000800000000)
  region size 2048K, 42 young (86016K), 5 survivors (10240K)
 Metaspace       used 147326K, committed 148608K, reserved 1179648K
  class space    used 19607K, committed 20224K, reserved 1048576K
}
Event: 11.890 GC heap after
{Heap after GC invocations=16 (full 0):
 garbage-first heap   total 231424K, used 97009K [0x0000000700000000, 0x0000000800000000)
  region size 2048K, 5 young (10240K), 5 survivors (10240K)
 Metaspace       used 147326K, committed 148608K, reserved 1179648K
  class space    used 19607K, committed 20224K, reserved 1048576K
}
Event: 11.893 GC heap before
{Heap before GC invocations=16 (full 0):
 garbage-first heap   total 231424K, used 121585K [0x0000000700000000, 0x0000000800000000)
  region size 2048K, 6 young (12288K), 5 survivors (10240K)
 Metaspace       used 147327K, committed 148608K, reserved 1179648K
  class space    used 19607K, committed 20224K, reserved 1048576K
}
Event: 11.897 GC heap after
{Heap after GC invocations=17 (full 0):
 garbage-first heap   total 231424K, used 122787K [0x0000000700000000, 0x0000000800000000)
  region size 2048K, 4 young (8192K), 4 survivors (8192K)
 Metaspace       used 147327K, committed 148608K, reserved 1179648K
  class space    used 19607K, committed 20224K, reserved 1048576K
}

