# JRE version: OpenJDK Runtime Environment (17.0.19+10) (build 17.0.19+10-1-24.04.2-Ubuntu)
# Java VM: OpenJDK 64-Bit Server VM (17.0.19+10-1-24.04.2-Ubuntu, mixed mode, sharing, tiered, compressed oops, compressed class ptrs, g1 gc, linux-amd64)
GC Precious Log:
 CPUs: 12 total, 12 available
 Memory: 15178M
 Large Page Support: Disabled
 NUMA Support: Disabled
 Compressed Oops: Enabled (Zero based)
 Heap Region Size: 2M
 Heap Min Capacity: 8M
 Heap Initial Capacity: 238M
 Heap Max Capacity: 4G
 Pre-touch: Disabled
 Parallel Workers: 10
 Concurrent Workers: 3
 Concurrent Refinement Workers: 10
 Periodic GC: Disabled
Heap:
 garbage-first heap   total 256000K, used 157293K [0x0000000700000000, 0x0000000800000000)
  region size 2048K, 15 young (30720K), 4 survivors (8192K)
 Metaspace       used 147393K, committed 148928K, reserved 1179648K
  class space    used 19612K, committed 20288K, reserved 1048576K
GC Heap History (20 events):
Event: 1.222 GC heap before
{Heap before GC invocations=5 (full 0):
 garbage-first heap   total 192512K, used 119384K [0x0000000700000000, 0x0000000800000000)
  region size 2048K, 36 young (73728K), 2 survivors (4096K)
 Metaspace       used 35916K, committed 36288K, reserved 1114112K
  class space    used 4859K, committed 4992K, reserved 1048576K
}
Event: 1.226 GC heap after
{Heap after GC invocations=6 (full 0):
 garbage-first heap   total 192512K, used 55567K [0x0000000700000000, 0x0000000800000000)
  region size 2048K, 4 young (8192K), 4 survivors (8192K)
 Metaspace       used 35916K, committed 36288K, reserved 1114112K
  class space    used 4859K, committed 4992K, reserved 1048576K
}
Event: 10.812 GC heap before
{Heap before GC invocations=7 (full 0):
 garbage-first heap   total 192512K, used 135439K [0x0000000700000000, 0x0000000800000000)
  region size 2048K, 44 young (90112K), 4 survivors (8192K)
 Metaspace       used 53351K, committed 53760K, reserved 1114112K
  class space    used 6836K, committed 6976K, reserved 1048576K
}
Event: 10.818 GC heap after
{Heap after GC invocations=8 (full 0):
 garbage-first heap   total 231424K, used 61530K [0x0000000700000000, 0x0000000800000000)
  region size 2048K, 6 young (12288K), 6 survivors (12288K)
 Metaspace       used 53351K, committed 53760K, reserved 1114112K
  class space    used 6836K, committed 6976K, reserved 1048576K
}
Event: 11.002 GC heap before
{Heap before GC invocations=8 (full 0):
 garbage-first heap   total 231424K, used 86106K [0x0000000700000000, 0x0000000800000000)
  region size 2048K, 20 young (40960K), 6 survivors (12288K)
 Metaspace       used 60294K, committed 60608K, reserved 1114112K
  class space    used 7863K, committed 8000K, reserved 1048576K
}
Event: 11.006 GC heap after
{Heap after GC invocations=9 (full 0):
 garbage-first heap   total 231424K, used 63777K [0x0000000700000000, 0x0000000800000000)
  region size 2048K, 5 young (10240K), 5 survivors (10240K)
 Metaspace       used 60294K, committed 60608K, reserved 1114112K
  class space    used 7863K, committed 8000K, reserved 1048576K
}
Event: 11.849 GC heap before
{Heap before GC invocations=10 (full 0):
 garbage-first heap   total 231424K, used 174369K [0x0000000700000000, 0x0000000800000000)
  region size 2048K, 59 young (120832K), 5 survivors (10240K)
 Metaspace       used 87150K, committed 87552K, reserved 1179648K
  class space    used 11285K, committed 11456K, reserved 1048576K
}
Event: 11.854 GC heap after
{Heap after GC invocations=11 (full 0):
 garbage-first heap   total 231424K, used 71489K [0x0000000700000000, 0x0000000800000000)
  region size 2048K, 8 young (16384K), 8 survivors (16384K)
 Metaspace       used 87150K, committed 87552K, reserved 1179648K
  class space    used 11285K, committed 11456K, reserved 1048576K
}
Event: 12.323 GC heap before
{Heap before GC invocations=11 (full 0):
 garbage-first heap   total 231424K, used 128833K [0x0000000700000000, 0x0000000800000000)
  region size 2048K, 37 young (75776K), 8 survivors (16384K)
 Metaspace       used 101096K, committed 101568K, reserved 1179648K
  class space    used 13189K, committed 13440K, reserved 1048576K
}
Event: 12.329 GC heap after
{Heap after GC invocations=12 (full 0):
 garbage-first heap   total 231424K, used 74402K [0x0000000700000000, 0x0000000800000000)
  region size 2048K, 2 young (4096K), 2 survivors (4096K)
 Metaspace       used 101096K, committed 101568K, reserved 1179648K
  class space    used 13189K, committed 13440K, reserved 1048576K
}
Event: 12.970 GC heap before
{Heap before GC invocations=13 (full 0):
 garbage-first heap   total 231424K, used 193186K [0x0000000700000000, 0x0000000800000000)
  region size 2048K, 52 young (106496K), 2 survivors (4096K)
 Metaspace       used 118469K, committed 119488K, reserved 1179648K
  class space    used 15891K, committed 16384K, reserved 1048576K
}
Event: 12.974 GC heap after
{Heap after GC invocations=14 (full 0):
 garbage-first heap   total 231424K, used 80156K [0x0000000700000000, 0x0000000800000000)
  region size 2048K, 5 young (10240K), 5 survivors (10240K)
 Metaspace       used 118469K, committed 119488K, reserved 1179648K
  class space    used 15891K, committed 16384K, reserved 1048576K
}
Event: 13.492 GC heap before
{Heap before GC invocations=14 (full 0):
 garbage-first heap   total 231424K, used 184604K [0x0000000700000000, 0x0000000800000000)
  region size 2048K, 53 young (108544K), 5 survivors (10240K)
 Metaspace       used 138874K, committed 139904K, reserved 1179648K
  class space    used 18368K, committed 18816K, reserved 1048576K
}
Event: 13.496 GC heap after
{Heap after GC invocations=15 (full 0):
 garbage-first heap   total 231424K, used 83524K [0x0000000700000000, 0x0000000800000000)
  region size 2048K, 5 young (10240K), 5 survivors (10240K)
 Metaspace       used 138874K, committed 139904K, reserved 1179648K
  class space    used 18368K, committed 18816K, reserved 1048576K
}
Event: 14.068 GC heap before
{Heap before GC invocations=15 (full 0):
 garbage-first heap   total 231424K, used 175684K [0x0000000700000000, 0x0000000800000000)
  region size 2048K, 42 young (86016K), 5 survivors (10240K)
 Metaspace       used 147613K, committed 148864K, reserved 1179648K
  class space    used 19677K, committed 20288K, reserved 1048576K
}
Event: 14.074 GC heap after
{Heap after GC invocations=16 (full 0):
 garbage-first heap   total 231424K, used 89095K [0x0000000700000000, 0x0000000800000000)
  region size 2048K, 5 young (10240K), 5 survivors (10240K)
 Metaspace       used 147613K, committed 148864K, reserved 1179648K
  class space    used 19677K, committed 20288K, reserved 1048576K
}
Event: 14.077 GC heap before
{Heap before GC invocations=16 (full 0):
 garbage-first heap   total 231424K, used 105479K [0x0000000700000000, 0x0000000800000000)
  region size 2048K, 6 young (12288K), 5 survivors (10240K)
 Metaspace       used 147613K, committed 148864K, reserved 1179648K
  class space    used 19677K, committed 20288K, reserved 1048576K
}
Event: 14.080 GC heap after
{Heap after GC invocations=17 (full 0):
 garbage-first heap   total 231424K, used 105880K [0x0000000700000000, 0x0000000800000000)
  region size 2048K, 4 young (8192K), 4 survivors (8192K)
 Metaspace       used 147613K, committed 148864K, reserved 1179648K
  class space    used 19677K, committed 20288K, reserved 1048576K
}
Event: 14.082 GC heap before
{Heap before GC invocations=17 (full 0):
 garbage-first heap   total 231424K, used 114072K [0x0000000700000000, 0x0000000800000000)
  region size 2048K, 5 young (10240K), 4 survivors (8192K)
 Metaspace       used 147613K, committed 148864K, reserved 1179648K
  class space    used 19677K, committed 20288K, reserved 1048576K
}
Event: 14.085 GC heap after
{Heap after GC invocations=18 (full 0):
 garbage-first heap   total 231424K, used 114285K [0x0000000700000000, 0x0000000800000000)
  region size 2048K, 4 young (8192K), 4 survivors (8192K)
 Metaspace       used 147613K, committed 148864K, reserved 1179648K
  class space    used 19677K, committed 20288K, reserved 1048576K
}

